<!DOCTYPE html PUBLIC "-//W3C//DTD XHTML 1.1//EN" "https://www.w3.org/TR/xhtml11/DTD/xhtml11.dtd">
<html xmlns="https://www.w3.org/1999/xhtml">
<head>
<meta http-equiv="content-type" content="text/html; charset=UTF-8"/>
<title>TestNG Report</title>
<style type="text/css">table {margin-bottom:10px;border-collapse:collapse;empty-cells:show}th,td {border:1px solid #009;padding:.25em .5em}th {vertical-align:bottom}td {vertical-align:top}table a {font-weight:bold}.stripe td {background-color: #E6EBF9}.num {text-align:right}.passedodd td {background-color: #3F3}.passedeven td {background-color: #0A0}.skippedodd td {background-color: #DDD}.skippedeven td {background-color: #CCC}.failedodd td,.attn {background-color: #F33}.failedeven td,.stripe .attn {background-color: #D00}.stacktrace {white-space:pre;font-family:monospace}.totop {font-size:85%;text-align:center;border-bottom:2px solid #000}.invisible {display:none}</style>
</head>
<body>
<table>
<tr><th>Test</th><th># Passed</th><th># Skipped</th><th># Retried</th><th># Failed</th><th>Time (ms)</th><th>Included Groups</th><th>Excluded Groups</th></tr>
<tr><th colspan="8">MySuite</th></tr>
<tr><td><a href="#t0">MyTest</a></td><td class="num">22</td><td class="num">0</td><td class="num">0</td><td class="num attn">7</td><td class="num">548,955</td><td></td><td></td></tr>
</table>
<table id='summary'><thead><tr><th>Class</th><th>Method</th><th>Start</th><th>Time (ms)</th></tr></thead><tbody><tr><th colspan="4">MySuite</th></tr></tbody><tbody id="t0"><tr><th colspan="4">MyTest &#8212; failed (configuration methods)</th></tr><tr class="failedeven"><td rowspan="1">com.automation.tests.scripts.CreateAccountSalesforce</td><td><a href="#m0">tearDownAfterTestMethod</a></td><td rowspan="1">1698509297558</td><td rowspan="1">28</td></tr><tr><th colspan="4">MyTest &#8212; failed</th></tr><tr class="failedeven"><td rowspan="3">com.automation.tests.scripts.CreateAccountSalesforce</td><td><a href="#m1">create_an_account</a></td><td rowspan="1">1698509222735</td><td rowspan="1">9258</td></tr><tr class="failedeven"><td><a href="#m2">create_new_view</a></td><td rowspan="1">1698509237285</td><td rowspan="1">16824</td></tr><tr class="failedeven"><td><a href="#m3">edit_view</a></td><td rowspan="1">1698509259512</td><td rowspan="1">9086</td></tr><tr class="failedodd"><td rowspan="1">com.automation.tests.scripts.RandomSalesforce</td><td><a href="#m4">verify_fname_lname</a></td><td rowspan="1">1698509502464</td><td rowspan="1">9887</td></tr><tr class="failedeven"><td rowspan="3">com.automation.tests.scripts.UserMenuDropDownsalesforce</td><td><a href="#m5">logout_from_user_menu</a></td><td rowspan="1">1698509043568</td><td rowspan="1">5321</td></tr><tr class="failedeven"><td><a href="#m6">my_settings_from_drop_down</a></td><td rowspan="1">1698509054496</td><td rowspan="1">20782</td></tr><tr class="failedeven"><td><a href="#m7">select_myprofile_from_drop_down</a></td><td rowspan="1">1698509080184</td><td rowspan="1">35861</td></tr><tr><th colspan="4">MyTest &#8212; passed</th></tr><tr class="passedeven"><td rowspan="4">com.automation.tests.scripts.ContactsSalesforce</td><td><a href="#m8">Check_my_contacts_view</a></td><td rowspan="1">1698509441661</td><td rowspan="1">10695</td></tr><tr class="passedeven"><td><a href="#m9">View_contact_in_contact_page</a></td><td rowspan="1">1698509457285</td><td rowspan="1">8121</td></tr><tr class="passedeven"><td><a href="#m10">check_recently_created_contact</a></td><td rowspan="1">1698509470589</td><td rowspan="1">10213</td></tr><tr class="passedeven"><td><a href="#m11">create_new_contact</a></td><td rowspan="1">1698509486367</td><td rowspan="1">10758</td></tr><tr class="passedodd"><td rowspan="2">com.automation.tests.scripts.CreateAccountSalesforce</td><td><a href="#m12">create_account_report</a></td><td rowspan="1">1698509202667</td><td rowspan="1">14882</td></tr><tr class="passedodd"><td><a href="#m13">merge_accounts</a></td><td rowspan="1">1698509273735</td><td rowspan="1">23822</td></tr><tr class="passedeven"><td rowspan="5">com.automation.tests.scripts.CreateopportunitiesSalesforce</td><td><a href="#m14">create_new_opportunity</a></td><td rowspan="1">1698509303967</td><td rowspan="1">7212</td></tr><tr class="passedeven"><td><a href="#m15">opportunities_drop_down</a></td><td rowspan="1">1698509318214</td><td rowspan="1">7910</td></tr><tr class="passedeven"><td><a href="#m16">test_opportunity_pipeline_report</a></td><td rowspan="1">1698509332381</td><td rowspan="1">7341</td></tr><tr class="passedeven"><td><a href="#m17">test_quarterly_summary_report</a></td><td rowspan="1">1698509345476</td><td rowspan="1">6948</td></tr><tr class="passedeven"><td><a href="#m18">test_stuck_opportunities_report</a></td><td rowspan="1">1698509357848</td><td rowspan="1">8030</td></tr><tr class="passedodd"><td rowspan="5">com.automation.tests.scripts.LeadsSalesforce</td><td><a href="#m19">check_new_button_on_leads_home</a></td><td rowspan="1">1698509371532</td><td rowspan="1">10453</td></tr><tr class="passedodd"><td><a href="#m20">leads_select_view</a></td><td rowspan="1">1698509387240</td><td rowspan="1">9977</td></tr><tr class="passedodd"><td><a href="#m21">leads_tab_link</a></td><td rowspan="1">1698509402661</td><td rowspan="1">9165</td></tr><tr class="passedodd"><td><a href="#m22">list_item_todays_leads_work</a></td><td rowspan="1">1698509417176</td><td rowspan="1">7366</td></tr><tr class="passedodd"><td><a href="#m23">validate_view_drop_down_list_contents</a></td><td rowspan="1">1698509430186</td><td rowspan="1">5034</td></tr><tr class="passedeven"><td rowspan="5">com.automation.tests.scripts.LoginSalesforcetestcase</td><td><a href="#m24">check_remember_me</a></td><td rowspan="1">1698508978208</td><td rowspan="1">14741</td></tr><tr class="passedeven"><td><a href="#m25">forgot_password</a></td><td rowspan="1">1698508999049</td><td rowspan="1">5463</td></tr><tr class="passedeven"><td><a href="#m26">login_error_message</a></td><td rowspan="1">1698509012700</td><td rowspan="1">2316</td></tr><tr class="passedeven"><td><a href="#m27">login_to_salesforce</a></td><td rowspan="1">1698509021427</td><td rowspan="1">3160</td></tr><tr class="passedeven"><td><a href="#m28">validate_login_error_message</a></td><td rowspan="1">1698509030483</td><td rowspan="1">6253</td></tr><tr class="passedodd"><td rowspan="1">com.automation.tests.scripts.UserMenuDropDownsalesforce</td><td><a href="#m29">select_user_menu_from_drop_down</a></td><td rowspan="1">1698509190779</td><td rowspan="1">6685</td></tr></tbody>
</table>
<h2>MyTest</h2><h3 id="m0">com.automation.tests.scripts.CreateAccountSalesforce#tearDownAfterTestMethod</h3><table class="result"><tr><th>Exception</th></tr><tr><td><div class="stacktrace">org.openqa.selenium.UnhandledAlertException: Dismissed user prompt dialog: These records will be merged into one record using the selected values. Merging can&apos;t be undone. Proceed with the record merge?: 
Build info: version: &apos;4.13.0&apos;, revision: &apos;ba948ece5b*&apos;
System info: os.name: &apos;Windows 11&apos;, os.arch: &apos;amd64&apos;, os.version: &apos;10.0&apos;, java.version: &apos;17.0.8&apos;
Driver info: org.openqa.selenium.firefox.FirefoxDriver
Command: [96d90155-adaa-4ca5-a7da-4df6d42fad64, close {}]
Capabilities {acceptInsecureCerts: true, browserName: firefox, browserVersion: 118.0.2, moz:accessibilityChecks: false, moz:buildID: 20231009140911, moz:debuggerAddress: 127.0.0.1:26566, moz:geckodriverVersion: 0.33.0, moz:headless: false, moz:platformVersion: 10.0, moz:processID: 31364, moz:profile: C:\Users\jency\AppData\Loca..., moz:shutdownTimeout: 60000, moz:webdriverClick: true, moz:windowless: false, pageLoadStrategy: normal, platformName: windows, proxy: Proxy(), se:cdp: ws://127.0.0.1:26566/devtoo..., se:cdpVersion: 85.0, setWindowRect: true, strictFileInteractability: false, timeouts: {implicit: 0, pageLoad: 300000, script: 30000}, unhandledPromptBehavior: dismiss and notify}
Session ID: 96d90155-adaa-4ca5-a7da-4df6d42fad64
	at org.openqa.selenium.remote.codec.w3c.W3CHttpResponseCodec.decode(W3CHttpResponseCodec.java:131)
	at org.openqa.selenium.remote.codec.w3c.W3CHttpResponseCodec.decode(W3CHttpResponseCodec.java:52)
	at org.openqa.selenium.remote.HttpCommandExecutor.execute(HttpCommandExecutor.java:191)
	at org.openqa.selenium.remote.service.DriverCommandExecutor.invokeExecute(DriverCommandExecutor.java:196)
	at org.openqa.selenium.remote.service.DriverCommandExecutor.execute(DriverCommandExecutor.java:171)
	at org.openqa.selenium.remote.RemoteWebDriver.execute(RemoteWebDriver.java:602)
	at org.openqa.selenium.remote.RemoteWebDriver.execute(RemoteWebDriver.java:675)
	at org.openqa.selenium.remote.RemoteWebDriver.execute(RemoteWebDriver.java:679)
	at org.openqa.selenium.remote.RemoteWebDriver.close(RemoteWebDriver.java:409)
	at com.automation.tests.base.BaseSalesforce.closeBrowser(BaseSalesforce.java:251)
	at com.automation.tests.base.BaseSalesforce.tearDownAfterTestMethod(BaseSalesforce.java:44)
	at java.base/java.util.ArrayList.forEach(ArrayList.java:1511)
... Removed 32 stack frames</div></td></tr></table><p class="totop"><a href="#summary">back to summary</a></p>
<h3 id="m1">com.automation.tests.scripts.CreateAccountSalesforce#create_an_account</h3><table class="result"><tr><th>Exception</th></tr><tr><td><div class="stacktrace">java.lang.AssertionError: expected [Jency Abcd] but found [Jency x]
	at com.automation.tests.scripts.CreateAccountSalesforce.create_an_account(CreateAccountSalesforce.java:201)
	at java.base/java.util.ArrayList.forEach(ArrayList.java:1511)
... Removed 33 stack frames</div></td></tr></table><p class="totop"><a href="#summary">back to summary</a></p>
<h3 id="m2">com.automation.tests.scripts.CreateAccountSalesforce#create_new_view</h3><table class="result"><tr><th>Exception</th></tr><tr><td><div class="stacktrace">org.openqa.selenium.NoSuchElementException: Unable to locate element: /html/body/div[1]/div[2]/table/tbody/tr/td[2]/div[1]/div[1]/form/div[1]/div/select/option[0]
For documentation on this error, please visit: https://www.selenium.dev/documentation/webdriver/troubleshooting/errors#no-such-element-exception
Build info: version: &apos;4.13.0&apos;, revision: &apos;ba948ece5b*&apos;
System info: os.name: &apos;Windows 11&apos;, os.arch: &apos;amd64&apos;, os.version: &apos;10.0&apos;, java.version: &apos;17.0.8&apos;
Driver info: org.openqa.selenium.firefox.FirefoxDriver
Command: [23b5e3d7-dd62-4cef-bc49-b3f242d396a8, findElement {using=xpath, value=/html/body/div[1]/div[2]/table/tbody/tr/td[2]/div[1]/div[1]/form/div[1]/div/select/option[0]}]
Capabilities {acceptInsecureCerts: true, browserName: firefox, browserVersion: 118.0.2, moz:accessibilityChecks: false, moz:buildID: 20231009140911, moz:debuggerAddress: 127.0.0.1:5221, moz:geckodriverVersion: 0.33.0, moz:headless: false, moz:platformVersion: 10.0, moz:processID: 9956, moz:profile: C:\Users\jency\AppData\Loca..., moz:shutdownTimeout: 60000, moz:webdriverClick: true, moz:windowless: false, pageLoadStrategy: normal, platformName: windows, proxy: Proxy(), se:cdp: ws://127.0.0.1:5221/devtool..., se:cdpVersion: 85.0, setWindowRect: true, strictFileInteractability: false, timeouts: {implicit: 0, pageLoad: 300000, script: 30000}, unhandledPromptBehavior: dismiss and notify}
Session ID: 23b5e3d7-dd62-4cef-bc49-b3f242d396a8
	at org.openqa.selenium.remote.codec.w3c.W3CHttpResponseCodec.createException(W3CHttpResponseCodec.java:200)
	at org.openqa.selenium.remote.codec.w3c.W3CHttpResponseCodec.decode(W3CHttpResponseCodec.java:133)
	at org.openqa.selenium.remote.codec.w3c.W3CHttpResponseCodec.decode(W3CHttpResponseCodec.java:52)
	at org.openqa.selenium.remote.HttpCommandExecutor.execute(HttpCommandExecutor.java:191)
	at org.openqa.selenium.remote.service.DriverCommandExecutor.invokeExecute(DriverCommandExecutor.java:196)
	at org.openqa.selenium.remote.service.DriverCommandExecutor.execute(DriverCommandExecutor.java:171)
	at org.openqa.selenium.remote.RemoteWebDriver.execute(RemoteWebDriver.java:602)
	at org.openqa.selenium.remote.ElementLocation$ElementFinder$2.findElement(ElementLocation.java:165)
	at org.openqa.selenium.remote.ElementLocation.findElement(ElementLocation.java:59)
	at org.openqa.selenium.remote.RemoteWebDriver.findElement(RemoteWebDriver.java:359)
	at org.openqa.selenium.remote.RemoteWebDriver.findElement(RemoteWebDriver.java:353)
	at com.automation.tests.scripts.CreateAccountSalesforce.create_new_view(CreateAccountSalesforce.java:180)
	at java.base/java.util.ArrayList.forEach(ArrayList.java:1511)
... Removed 32 stack frames</div></td></tr></table><p class="totop"><a href="#summary">back to summary</a></p>
<h3 id="m3">com.automation.tests.scripts.CreateAccountSalesforce#edit_view</h3><table class="result"><tr><th>Exception</th></tr><tr><td><div class="stacktrace">java.lang.AssertionError: Wrong username expected [Jency x] but found [Jency galok]
	at com.automation.tests.scripts.CreateAccountSalesforce.edit_view(CreateAccountSalesforce.java:131)
	at java.base/java.util.ArrayList.forEach(ArrayList.java:1511)
... Removed 32 stack frames</div></td></tr></table><p class="totop"><a href="#summary">back to summary</a></p>
<h3 id="m4">com.automation.tests.scripts.RandomSalesforce#verify_fname_lname</h3><table class="result"><tr><th>Exception</th></tr><tr><td><div class="stacktrace">java.lang.AssertionError: expected [Jency x] but found [Jency x ]
	at com.automation.tests.scripts.RandomSalesforce.verify_fname_lname(RandomSalesforce.java:32)
	at java.base/java.util.ArrayList.forEach(ArrayList.java:1511)
... Removed 33 stack frames</div></td></tr></table><p class="totop"><a href="#summary">back to summary</a></p>
<h3 id="m5">com.automation.tests.scripts.UserMenuDropDownsalesforce#logout_from_user_menu</h3><table class="result"><tr><th>Exception</th></tr><tr><td><div class="stacktrace">org.openqa.selenium.support.ui.UnexpectedTagNameException: Element should have been &quot;select&quot; but was &quot;div&quot;
Build info: version: &apos;4.13.0&apos;, revision: &apos;ba948ece5b*&apos;
System info: os.name: &apos;Windows 11&apos;, os.arch: &apos;amd64&apos;, os.version: &apos;10.0&apos;, java.version: &apos;17.0.8&apos;
Driver info: driver.version: unknown
	at org.openqa.selenium.support.ui.Select.&lt;init&gt;(Select.java:46)
	at com.automation.tests.base.BaseSalesforce.selectDropDown(BaseSalesforce.java:213)
	at com.automation.tests.scripts.UserMenuDropDownsalesforce.logout_from_user_menu(UserMenuDropDownsalesforce.java:250)
	at java.base/java.util.ArrayList.forEach(ArrayList.java:1511)
... Removed 27 stack frames</div></td></tr></table><p class="totop"><a href="#summary">back to summary</a></p>
<h3 id="m6">com.automation.tests.scripts.UserMenuDropDownsalesforce#my_settings_from_drop_down</h3><table class="result"><tr><th>Exception</th></tr><tr><td><div class="stacktrace">org.openqa.selenium.StaleElementReferenceException: The element with the reference 82d32593-f83a-4291-8768-a59d82659a9a is stale; either its node document is not the active document, or it is no longer connected to the DOM
For documentation on this error, please visit: https://www.selenium.dev/documentation/webdriver/troubleshooting/errors#stale-element-reference-exception
Build info: version: &apos;4.13.0&apos;, revision: &apos;ba948ece5b*&apos;
System info: os.name: &apos;Windows 11&apos;, os.arch: &apos;amd64&apos;, os.version: &apos;10.0&apos;, java.version: &apos;17.0.8&apos;
Driver info: org.openqa.selenium.firefox.FirefoxDriver
Command: [ff3ae9d3-8c99-4803-8ab4-c671d99e7a2e, isElementDisplayed {id=82d32593-f83a-4291-8768-a59d82659a9a}]
Capabilities {acceptInsecureCerts: true, browserName: firefox, browserVersion: 118.0.2, moz:accessibilityChecks: false, moz:buildID: 20231009140911, moz:debuggerAddress: 127.0.0.1:9714, moz:geckodriverVersion: 0.33.0, moz:headless: false, moz:platformVersion: 10.0, moz:processID: 47292, moz:profile: C:\Users\jency\AppData\Loca..., moz:shutdownTimeout: 60000, moz:webdriverClick: true, moz:windowless: false, pageLoadStrategy: normal, platformName: windows, proxy: Proxy(), se:cdp: ws://127.0.0.1:9714/devtool..., se:cdpVersion: 85.0, setWindowRect: true, strictFileInteractability: false, timeouts: {implicit: 0, pageLoad: 300000, script: 30000}, unhandledPromptBehavior: dismiss and notify}
Element: [[FirefoxDriver: firefox on windows (ff3ae9d3-8c99-4803-8ab4-c671d99e7a2e)] -&gt; xpath: //*[@id=&quot;CustomizeTabs_font&quot;]]
Session ID: ff3ae9d3-8c99-4803-8ab4-c671d99e7a2e
	at org.openqa.selenium.remote.codec.w3c.W3CHttpResponseCodec.createException(W3CHttpResponseCodec.java:200)
	at org.openqa.selenium.remote.codec.w3c.W3CHttpResponseCodec.decode(W3CHttpResponseCodec.java:133)
	at org.openqa.selenium.remote.codec.w3c.W3CHttpResponseCodec.decode(W3CHttpResponseCodec.java:52)
	at org.openqa.selenium.remote.HttpCommandExecutor.execute(HttpCommandExecutor.java:191)
	at org.openqa.selenium.remote.service.DriverCommandExecutor.invokeExecute(DriverCommandExecutor.java:196)
	at org.openqa.selenium.remote.service.DriverCommandExecutor.execute(DriverCommandExecutor.java:171)
	at org.openqa.selenium.remote.RemoteWebDriver.execute(RemoteWebDriver.java:602)
	at org.openqa.selenium.remote.RemoteWebElement.execute(RemoteWebElement.java:224)
	at org.openqa.selenium.remote.RemoteWebElement.isDisplayed(RemoteWebElement.java:283)
	at org.openqa.selenium.support.ui.ExpectedConditions.elementIfVisible(ExpectedConditions.java:304)
	at org.openqa.selenium.support.ui.ExpectedConditions.access$000(ExpectedConditions.java:37)
	at org.openqa.selenium.support.ui.ExpectedConditions$10.apply(ExpectedConditions.java:290)
	at org.openqa.selenium.support.ui.ExpectedConditions$10.apply(ExpectedConditions.java:287)
	at org.openqa.selenium.support.ui.FluentWait.until(FluentWait.java:205)
	at com.automation.tests.base.BaseSalesforce.waitForVisibility(BaseSalesforce.java:140)
	at com.automation.tests.scripts.UserMenuDropDownsalesforce.my_settings_from_drop_down(UserMenuDropDownsalesforce.java:60)
	at java.base/java.util.ArrayList.forEach(ArrayList.java:1511)
... Removed 32 stack frames</div></td></tr></table><p class="totop"><a href="#summary">back to summary</a></p>
<h3 id="m7">com.automation.tests.scripts.UserMenuDropDownsalesforce#select_myprofile_from_drop_down</h3><table class="result"><tr><th>Exception</th></tr><tr><td><div class="stacktrace">org.openqa.selenium.ElementNotInteractableException: Element &lt;a id=&quot;uploadLink&quot; href=&quot;javascript:void(0);&quot;&gt; could not be scrolled into view
Build info: version: &apos;4.13.0&apos;, revision: &apos;ba948ece5b*&apos;
System info: os.name: &apos;Windows 11&apos;, os.arch: &apos;amd64&apos;, os.version: &apos;10.0&apos;, java.version: &apos;17.0.8&apos;
Driver info: org.openqa.selenium.firefox.FirefoxDriver
Command: [936430a5-292d-4688-aef4-cb0bb6fce565, clickElement {id=7888b3e2-3035-496b-b131-3e76e05d7122}]
Capabilities {acceptInsecureCerts: true, browserName: firefox, browserVersion: 118.0.2, moz:accessibilityChecks: false, moz:buildID: 20231009140911, moz:debuggerAddress: 127.0.0.1:2868, moz:geckodriverVersion: 0.33.0, moz:headless: false, moz:platformVersion: 10.0, moz:processID: 35832, moz:profile: C:\Users\jency\AppData\Loca..., moz:shutdownTimeout: 60000, moz:webdriverClick: true, moz:windowless: false, pageLoadStrategy: normal, platformName: windows, proxy: Proxy(), se:cdp: ws://127.0.0.1:2868/devtool..., se:cdpVersion: 85.0, setWindowRect: true, strictFileInteractability: false, timeouts: {implicit: 0, pageLoad: 300000, script: 30000}, unhandledPromptBehavior: dismiss and notify}
Element: [[FirefoxDriver: firefox on windows (936430a5-292d-4688-aef4-cb0bb6fce565)] -&gt; id: uploadLink]
Session ID: 936430a5-292d-4688-aef4-cb0bb6fce565
	at org.openqa.selenium.remote.codec.w3c.W3CHttpResponseCodec.createException(W3CHttpResponseCodec.java:200)
	at org.openqa.selenium.remote.codec.w3c.W3CHttpResponseCodec.decode(W3CHttpResponseCodec.java:133)
	at org.openqa.selenium.remote.codec.w3c.W3CHttpResponseCodec.decode(W3CHttpResponseCodec.java:52)
	at org.openqa.selenium.remote.HttpCommandExecutor.execute(HttpCommandExecutor.java:191)
	at org.openqa.selenium.remote.service.DriverCommandExecutor.invokeExecute(DriverCommandExecutor.java:196)
	at org.openqa.selenium.remote.service.DriverCommandExecutor.execute(DriverCommandExecutor.java:171)
	at org.openqa.selenium.remote.RemoteWebDriver.execute(RemoteWebDriver.java:602)
	at org.openqa.selenium.remote.RemoteWebElement.execute(RemoteWebElement.java:224)
	at org.openqa.selenium.remote.RemoteWebElement.click(RemoteWebElement.java:77)
	at com.automation.tests.base.BaseSalesforce.clickElement(BaseSalesforce.java:184)
	at com.automation.tests.scripts.UserMenuDropDownsalesforce.select_myprofile_from_drop_down(UserMenuDropDownsalesforce.java:173)
	at java.base/java.util.ArrayList.forEach(ArrayList.java:1511)
... Removed 32 stack frames</div></td></tr></table><p class="totop"><a href="#summary">back to summary</a></p>
<h3 id="m8">com.automation.tests.scripts.ContactsSalesforce#Check_my_contacts_view</h3><table class="result"><tr><th class="invisible"/></tr></table><p class="totop"><a href="#summary">back to summary</a></p>
<h3 id="m9">com.automation.tests.scripts.ContactsSalesforce#View_contact_in_contact_page</h3><table class="result"><tr><th class="invisible"/></tr></table><p class="totop"><a href="#summary">back to summary</a></p>
<h3 id="m10">com.automation.tests.scripts.ContactsSalesforce#check_recently_created_contact</h3><table class="result"><tr><th class="invisible"/></tr></table><p class="totop"><a href="#summary">back to summary</a></p>
<h3 id="m11">com.automation.tests.scripts.ContactsSalesforce#create_new_contact</h3><table class="result"><tr><th class="invisible"/></tr></table><p class="totop"><a href="#summary">back to summary</a></p>
<h3 id="m12">com.automation.tests.scripts.CreateAccountSalesforce#create_account_report</h3><table class="result"><tr><th class="invisible"/></tr></table><p class="totop"><a href="#summary">back to summary</a></p>
<h3 id="m13">com.automation.tests.scripts.CreateAccountSalesforce#merge_accounts</h3><table class="result"><tr><th class="invisible"/></tr></table><p class="totop"><a href="#summary">back to summary</a></p>
<h3 id="m14">com.automation.tests.scripts.CreateopportunitiesSalesforce#create_new_opportunity</h3><table class="result"><tr><th class="invisible"/></tr></table><p class="totop"><a href="#summary">back to summary</a></p>
<h3 id="m15">com.automation.tests.scripts.CreateopportunitiesSalesforce#opportunities_drop_down</h3><table class="result"><tr><th class="invisible"/></tr></table><p class="totop"><a href="#summary">back to summary</a></p>
<h3 id="m16">com.automation.tests.scripts.CreateopportunitiesSalesforce#test_opportunity_pipeline_report</h3><table class="result"><tr><th class="invisible"/></tr></table><p class="totop"><a href="#summary">back to summary</a></p>
<h3 id="m17">com.automation.tests.scripts.CreateopportunitiesSalesforce#test_quarterly_summary_report</h3><table class="result"><tr><th class="invisible"/></tr></table><p class="totop"><a href="#summary">back to summary</a></p>
<h3 id="m18">com.automation.tests.scripts.CreateopportunitiesSalesforce#test_stuck_opportunities_report</h3><table class="result"><tr><th class="invisible"/></tr></table><p class="totop"><a href="#summary">back to summary</a></p>
<h3 id="m19">com.automation.tests.scripts.LeadsSalesforce#check_new_button_on_leads_home</h3><table class="result"><tr><th class="invisible"/></tr></table><p class="totop"><a href="#summary">back to summary</a></p>
<h3 id="m20">com.automation.tests.scripts.LeadsSalesforce#leads_select_view</h3><table class="result"><tr><th class="invisible"/></tr></table><p class="totop"><a href="#summary">back to summary</a></p>
<h3 id="m21">com.automation.tests.scripts.LeadsSalesforce#leads_tab_link</h3><table class="result"><tr><th class="invisible"/></tr></table><p class="totop"><a href="#summary">back to summary</a></p>
<h3 id="m22">com.automation.tests.scripts.LeadsSalesforce#list_item_todays_leads_work</h3><table class="result"><tr><th class="invisible"/></tr></table><p class="totop"><a href="#summary">back to summary</a></p>
<h3 id="m23">com.automation.tests.scripts.LeadsSalesforce#validate_view_drop_down_list_contents</h3><table class="result"><tr><th class="invisible"/></tr></table><p class="totop"><a href="#summary">back to summary</a></p>
<h3 id="m24">com.automation.tests.scripts.LoginSalesforcetestcase#check_remember_me</h3><table class="result"><tr><th class="invisible"/></tr></table><p class="totop"><a href="#summary">back to summary</a></p>
<h3 id="m25">com.automation.tests.scripts.LoginSalesforcetestcase#forgot_password</h3><table class="result"><tr><th class="invisible"/></tr></table><p class="totop"><a href="#summary">back to summary</a></p>
<h3 id="m26">com.automation.tests.scripts.LoginSalesforcetestcase#login_error_message</h3><table class="result"><tr><th class="invisible"/></tr></table><p class="totop"><a href="#summary">back to summary</a></p>
<h3 id="m27">com.automation.tests.scripts.LoginSalesforcetestcase#login_to_salesforce</h3><table class="result"><tr><th class="invisible"/></tr></table><p class="totop"><a href="#summary">back to summary</a></p>
<h3 id="m28">com.automation.tests.scripts.LoginSalesforcetestcase#validate_login_error_message</h3><table class="result"><tr><th class="invisible"/></tr></table><p class="totop"><a href="#summary">back to summary</a></p>
<h3 id="m29">com.automation.tests.scripts.UserMenuDropDownsalesforce#select_user_menu_from_drop_down</h3><table class="result"><tr><th class="invisible"/></tr></table><p class="totop"><a href="#summary">back to summary</a></p>
</body>
</html>
